<?xml version="1.0" encoding="UTF-8"?>
<!-- Generated by org.testng.reporters.JUnitReportReporter -->
<testsuite hostname="CPC477-0243n" failures="4" tests="44" name="runners.TestRunner" time="189.020" errors="1" timestamp="2025-01-22T16:54:55 IST" skipped="0">
  <testcase classname="runners.TestRunner" name="runScenario" time="31.920"/>
  <system-out/>
  <testcase classname="runners.TestRunner" name="runScenario" time="0.395"/>
  <system-out/>
  <testcase classname="runners.TestRunner" name="runScenario" time="0.212">
    <failure message="Workspace breadcrumb is not visible expected [true] but found [false]" type="java.lang.AssertionError">
      <![CDATA[java.lang.AssertionError: Workspace breadcrumb is not visible expected [true] but found [false]
at org.testng.Assert.fail(Assert.java:99)
at org.testng.Assert.failNotEquals(Assert.java:1037)
at org.testng.Assert.assertTrue(Assert.java:45)
at stepdefinitions.WorkspaceSteps.iShouldSeeTheWorkspaceBreadcrumbDisplayed(WorkspaceSteps.java:131)
at ✽.I should see the workspace breadcrumb displayed(file:///C:/Users/47700243/eclipse-workspace/alpha3/src/test/resources/features/Suite2-workspace.feature:65)
]]>
    </failure>
  </testcase> <!-- runScenario -->
  <system-out/>
  <testcase classname="runners.TestRunner" name="runScenario" time="0.139"/>
  <system-out/>
  <testcase classname="runners.TestRunner" name="runScenario" time="0.294"/>
  <system-out/>
  <testcase classname="runners.TestRunner" name="runScenario" time="1.252"/>
  <system-out/>
  <testcase classname="runners.TestRunner" name="runScenario" time="0.652"/>
  <system-out/>
  <testcase classname="runners.TestRunner" name="runScenario" time="0.066"/>
  <system-out/>
  <testcase classname="runners.TestRunner" name="runScenario" time="0.351"/>
  <system-out/>
  <testcase classname="runners.TestRunner" name="runScenario" time="2.814"/>
  <system-out/>
  <testcase classname="runners.TestRunner" name="runScenario" time="0.116"/>
  <system-out/>
  <testcase classname="runners.TestRunner" name="runScenario" time="0.523"/>
  <system-out/>
  <testcase classname="runners.TestRunner" name="runScenario" time="0.423"/>
  <system-out/>
  <testcase classname="runners.TestRunner" name="runScenario" time="0.182"/>
  <system-out/>
  <testcase classname="runners.TestRunner" name="runScenario" time="0.185"/>
  <system-out/>
  <testcase classname="runners.TestRunner" name="runScenario" time="0.942">
    <failure message="Digital Twin not created expected [true] but found [false]" type="java.lang.AssertionError">
      <![CDATA[java.lang.AssertionError: Digital Twin not created expected [true] but found [false]
at org.testng.Assert.fail(Assert.java:99)
at org.testng.Assert.failNotEquals(Assert.java:1037)
at org.testng.Assert.assertTrue(Assert.java:45)
at stepdefinitions.ModelsPageSteps.theDigitalTwinShouldBeCreatedWithTheName(ModelsPageSteps.java:83)
at ✽.the Digital Twin should be created with the name "Automation Digital Twin-6"(file:///C:/Users/47700243/eclipse-workspace/alpha3/src/test/resources/features/Suite3-models.feature:48)
]]>
    </failure>
  </testcase> <!-- runScenario -->
  <system-out/>
  <testcase classname="runners.TestRunner" name="runScenario" time="0.365"/>
  <system-out/>
  <testcase classname="runners.TestRunner" name="runScenario" time="0.091"/>
  <system-out/>
  <testcase classname="runners.TestRunner" name="runScenario" time="3.829"/>
  <system-out/>
  <testcase classname="runners.TestRunner" name="runScenario" time="0.396"/>
  <system-out/>
  <testcase classname="runners.TestRunner" name="runScenario" time="0.266"/>
  <system-out/>
  <testcase classname="runners.TestRunner" name="runScenario" time="0.080"/>
  <system-out/>
  <testcase classname="runners.TestRunner" name="runScenario" time="0.517"/>
  <system-out/>
  <testcase classname="runners.TestRunner" name="runScenario" time="0.346"/>
  <system-out/>
  <testcase classname="runners.TestRunner" name="runScenario" time="0.148">
    <error message="The step &#039;I should be on the MNM page&#039; is undefined.
You can implement this step using the snippet(s) below:

@Then(&quot;I should be on the MNM page&quot;)
public void i_should_be_on_the_mnm_page() {
    // Write code here that turns the phrase above into concrete actions
    throw new io.cucumber.java.PendingException();
}
" type="io.cucumber.testng.UndefinedStepException">
      <![CDATA[io.cucumber.testng.UndefinedStepException: The step 'I should be on the MNM page' is undefined.
You can implement this step using the snippet(s) below:

@Then("I should be on the MNM page")
public void i_should_be_on_the_mnm_page() {
    // Write code here that turns the phrase above into concrete actions
    throw new io.cucumber.java.PendingException();
}

at io.cucumber.core.runtime.TestCaseResultObserver.assertTestCasePassed(TestCaseResultObserver.java:69)
at io.cucumber.testng.TestCaseResultObserver.assertTestCasePassed(TestCaseResultObserver.java:23)
at io.cucumber.testng.TestNGCucumberRunner.lambda$runScenario$1(TestNGCucumberRunner.java:133)
at io.cucumber.core.runtime.CucumberExecutionContext.lambda$runTestCase$5(CucumberExecutionContext.java:137)
at io.cucumber.core.runtime.RethrowingThrowableCollector.executeAndThrow(RethrowingThrowableCollector.java:23)
at io.cucumber.core.runtime.CucumberExecutionContext.runTestCase(CucumberExecutionContext.java:137)
at io.cucumber.testng.TestNGCucumberRunner.runScenario(TestNGCucumberRunner.java:129)
at io.cucumber.testng.AbstractTestNGCucumberTests.runScenario(AbstractTestNGCucumberTests.java:35)
at java.base/jdk.internal.reflect.DirectMethodHandleAccessor.invoke(DirectMethodHandleAccessor.java:103)
at java.base/java.lang.reflect.Method.invoke(Method.java:580)
at org.testng.internal.MethodInvocationHelper.invokeMethod(MethodInvocationHelper.java:133)
at org.testng.internal.TestInvoker.invokeMethod(TestInvoker.java:598)
at org.testng.internal.TestInvoker.invokeTestMethod(TestInvoker.java:173)
at org.testng.internal.MethodRunner.runInSequence(MethodRunner.java:46)
at org.testng.internal.TestInvoker$MethodInvocationAgent.invoke(TestInvoker.java:824)
at org.testng.internal.TestInvoker.invokeTestMethods(TestInvoker.java:146)
at org.testng.internal.TestMethodWorker.invokeTestMethods(TestMethodWorker.java:146)
at org.testng.internal.TestMethodWorker.run(TestMethodWorker.java:128)
at java.base/java.util.ArrayList.forEach(ArrayList.java:1596)
at org.testng.TestRunner.privateRun(TestRunner.java:794)
at org.testng.TestRunner.run(TestRunner.java:596)
at org.testng.SuiteRunner.runTest(SuiteRunner.java:377)
at org.testng.SuiteRunner.runSequentially(SuiteRunner.java:371)
at org.testng.SuiteRunner.privateRun(SuiteRunner.java:332)
at org.testng.SuiteRunner.run(SuiteRunner.java:276)
at org.testng.SuiteRunnerWorker.runSuite(SuiteRunnerWorker.java:53)
at org.testng.SuiteRunnerWorker.run(SuiteRunnerWorker.java:96)
at org.testng.TestNG.runSuitesSequentially(TestNG.java:1212)
at org.testng.TestNG.runSuitesLocally(TestNG.java:1134)
at org.testng.TestNG.runSuites(TestNG.java:1063)
at org.testng.TestNG.run(TestNG.java:1031)
at org.testng.remote.AbstractRemoteTestNG.run(AbstractRemoteTestNG.java:115)
at org.testng.remote.RemoteTestNG.initAndRun(RemoteTestNG.java:293)
at org.testng.remote.RemoteTestNG.main(RemoteTestNG.java:91)
]]>
    </error>
  </testcase> <!-- runScenario -->
  <system-out/>
  <testcase classname="runners.TestRunner" name="runScenario" time="0.744"/>
  <system-out/>
  <testcase classname="runners.TestRunner" name="runScenario" time="4.628"/>
  <system-out/>
  <testcase classname="runners.TestRunner" name="runScenario" time="0.165"/>
  <system-out/>
  <testcase classname="runners.TestRunner" name="runScenario" time="4.203"/>
  <system-out/>
  <testcase classname="runners.TestRunner" name="runScenario" time="1.048"/>
  <system-out/>
  <testcase classname="runners.TestRunner" name="runScenario" time="0.167"/>
  <system-out/>
  <testcase classname="runners.TestRunner" name="runScenario" time="0.777"/>
  <system-out/>
  <testcase classname="runners.TestRunner" name="runScenario" time="1.537"/>
  <system-out/>
  <testcase classname="runners.TestRunner" name="runScenario" time="0.073">
    <failure message="Tooltip text mismatch expected [true] but found [false]" type="java.lang.AssertionError">
      <![CDATA[java.lang.AssertionError: Tooltip text mismatch expected [true] but found [false]
at org.testng.Assert.fail(Assert.java:99)
at org.testng.Assert.failNotEquals(Assert.java:1037)
at org.testng.Assert.assertTrue(Assert.java:45)
at stepdefinitions.ModelsPageSteps.theAddDigitalTwinButtonShouldHaveTheTooltip(ModelsPageSteps.java:56)
at ✽.the Add Digital Twin button should have the tooltip "Add digital Twin"(file:///C:/Users/47700243/eclipse-workspace/alpha3/src/test/resources/features/Suite3-models.feature:41)
]]>
    </failure>
  </testcase> <!-- runScenario -->
  <system-out/>
  <testcase classname="runners.TestRunner" name="runScenario" time="0.081"/>
  <system-out/>
  <testcase classname="runners.TestRunner" name="runScenario" time="0.484"/>
  <system-out/>
  <testcase classname="runners.TestRunner" name="runScenario" time="0.067"/>
  <system-out/>
  <testcase classname="runners.TestRunner" name="runScenario" time="0.240"/>
  <system-out/>
  <testcase classname="runners.TestRunner" name="runScenario" time="0.273"/>
  <system-out/>
  <testcase classname="runners.TestRunner" name="runScenario" time="60.632"/>
  <system-out/>
  <testcase classname="runners.TestRunner" name="runScenario" time="0.605"/>
  <system-out/>
  <testcase classname="runners.TestRunner" name="runScenario" time="60.820">
    <failure message="Failed to create the Design Specification. expected [true] but found [false]" type="java.lang.AssertionError">
      <![CDATA[java.lang.AssertionError: Failed to create the Design Specification. expected [true] but found [false]
at org.testng.Assert.fail(Assert.java:99)
at org.testng.Assert.failNotEquals(Assert.java:1037)
at org.testng.Assert.assertTrue(Assert.java:45)
at stepdefinitions.DecisionSupportSteps.createDesignSpecification(DecisionSupportSteps.java:122)
at ✽.I create a Design Specification with Name "Automation_DS_5" and Description "Automation Creation"(file:///C:/Users/47700243/eclipse-workspace/alpha3/src/test/resources/features/Suite4-Decisionsupport.feature:56)
]]>
    </failure>
  </testcase> <!-- runScenario -->
  <system-out/>
  <testcase classname="runners.TestRunner" name="runScenario" time="0.425"/>
  <system-out/>
  <testcase classname="runners.TestRunner" name="runScenario" time="5.547"/>
  <system-out/>
</testsuite> <!-- runners.TestRunner -->
