<html>
<head>
<title>TestNG:  Login Tests</title>
<link href="../testng.css" rel="stylesheet" type="text/css" />
<link href="../my-testng.css" rel="stylesheet" type="text/css" />

<style type="text/css">
.log { display: none;} 
.stack-trace { display: none;} 
</style>
<script type="text/javascript">
<!--
function flip(e) {
  current = e.style.display;
  if (current == 'block') {
    e.style.display = 'none';
    return 0;
  }
  else {
    e.style.display = 'block';
    return 1;
  }
}

function toggleBox(szDivId, elem, msg1, msg2)
{
  var res = -1;  if (document.getElementById) {
    res = flip(document.getElementById(szDivId));
  }
  else if (document.all) {
    // this is the way old msie versions work
    res = flip(document.all[szDivId]);
  }
  if(elem) {
    if(res == 0) elem.innerHTML = msg1; else elem.innerHTML = msg2;
  }

}

function toggleAllBoxes() {
  if (document.getElementsByTagName) {
    d = document.getElementsByTagName('div');
    for (i = 0; i < d.length; i++) {
      if (d[i].className == 'log') {
        flip(d[i]);
      }
    }
  }
}

// -->
</script>

</head>
<body>
<h2 align='center'>Login Tests</h2><table border='1' align="center">
<tr>
<td>Tests passed/Failed/Skipped:</td><td>39/5/0</td>
</tr><tr>
<td>Started on:</td><td>Wed Jan 22 16:51:45 IST 2025</td>
</tr>
<tr><td>Total time:</td><td>189 seconds (189759 ms)</td>
</tr><tr>
<td>Included groups:</td><td></td>
</tr><tr>
<td>Excluded groups:</td><td></td>
</tr>
</table><p/>
<small><i>(Hover the method name to see the test class name)</i></small><p/>
<table width='100%' border='1' class='invocation-failed'>
<tr><td colspan='4' align='center'><b>FAILED TESTS</b></td></tr>
<tr><td><b>Test method</b></td>
<td width="30%"><b>Exception</b></td>
<td width="10%"><b>Time (seconds)</b></td>
<td><b>Instance</b></td>
</tr>
<tr>
<td title='runners.TestRunner.runScenario()'><b>runScenario</b><br>Test class: runners.TestRunner<br>Test method: Runs Cucumber Scenarios<br>Parameters: "Workspace Breadcrumb Visibility Check", "Workspace Page Validations with Data Tables"</td>
<td><div><pre>java.lang.AssertionError: Workspace breadcrumb is not visible expected [true] but found [false]
	at stepdefinitions.WorkspaceSteps.iShouldSeeTheWorkspaceBreadcrumbDisplayed(WorkspaceSteps.java:131)
	at ✽.I should see the workspace breadcrumb displayed(file:///C:/Users/47700243/eclipse-workspace/alpha3/src/test/resources/features/Suite2-workspace.feature:65)
... Removed 3 stack frames</pre></div><a href='#' onClick='toggleBox("stack-trace354502944", this, "Click to show all stack frames", "Click to hide stack frames")'>Click to show all stack frames</a>
<div class='stack-trace' id='stack-trace354502944'><pre>java.lang.AssertionError: Workspace breadcrumb is not visible expected [true] but found [false]
	at org.testng.Assert.fail(Assert.java:99)
	at org.testng.Assert.failNotEquals(Assert.java:1037)
	at org.testng.Assert.assertTrue(Assert.java:45)
	at stepdefinitions.WorkspaceSteps.iShouldSeeTheWorkspaceBreadcrumbDisplayed(WorkspaceSteps.java:131)
	at ✽.I should see the workspace breadcrumb displayed(file:///C:/Users/47700243/eclipse-workspace/alpha3/src/test/resources/features/Suite2-workspace.feature:65)
</pre></div></td>
<td>0</td>
<td>runners.TestRunner@7dcf94f8</td></tr>
<tr>
<td title='runners.TestRunner.runScenario()'><b>runScenario</b><br>Test class: runners.TestRunner<br>Test method: Runs Cucumber Scenarios<br>Parameters: "Navigate from the Models page to the MNM page", "Models Page - Digital Twin Creation and Validation"</td>
<td><div><pre>io.cucumber.testng.UndefinedStepException: The step &apos;I should be on the MNM page&apos; is undefined.
You can implement this step using the snippet(s) below:

@Then(&quot;I should be on the MNM page&quot;)
public void i_should_be_on_the_mnm_page() {
    // Write code here that turns the phrase above into concrete actions
    throw new io.cucumber.java.PendingException();
}

	at io.cucumber.core.runtime.TestCaseResultObserver.assertTestCasePassed(TestCaseResultObserver.java:69)
	at io.cucumber.testng.TestCaseResultObserver.assertTestCasePassed(TestCaseResultObserver.java:23)
	at io.cucumber.testng.TestNGCucumberRunner.lambda$runScenario$1(TestNGCucumberRunner.java:133)
	at io.cucumber.core.runtime.CucumberExecutionContext.lambda$runTestCase$5(CucumberExecutionContext.java:137)
	at io.cucumber.core.runtime.RethrowingThrowableCollector.executeAndThrow(RethrowingThrowableCollector.java:23)
	at io.cucumber.core.runtime.CucumberExecutionContext.runTestCase(CucumberExecutionContext.java:137)
	at io.cucumber.testng.TestNGCucumberRunner.runScenario(TestNGCucumberRunner.java:129)
	at io.cucumber.testng.AbstractTestNGCucumberTests.runScenario(AbstractTestNGCucumberTests.java:35)
	at java.base/java.util.ArrayList.forEach(ArrayList.java:1596)
... Removed 25 stack frames</pre></div><a href='#' onClick='toggleBox("stack-trace104105431", this, "Click to show all stack frames", "Click to hide stack frames")'>Click to show all stack frames</a>
<div class='stack-trace' id='stack-trace104105431'><pre>io.cucumber.testng.UndefinedStepException: The step &apos;I should be on the MNM page&apos; is undefined.
You can implement this step using the snippet(s) below:

@Then(&quot;I should be on the MNM page&quot;)
public void i_should_be_on_the_mnm_page() {
    // Write code here that turns the phrase above into concrete actions
    throw new io.cucumber.java.PendingException();
}

	at io.cucumber.core.runtime.TestCaseResultObserver.assertTestCasePassed(TestCaseResultObserver.java:69)
	at io.cucumber.testng.TestCaseResultObserver.assertTestCasePassed(TestCaseResultObserver.java:23)
	at io.cucumber.testng.TestNGCucumberRunner.lambda$runScenario$1(TestNGCucumberRunner.java:133)
	at io.cucumber.core.runtime.CucumberExecutionContext.lambda$runTestCase$5(CucumberExecutionContext.java:137)
	at io.cucumber.core.runtime.RethrowingThrowableCollector.executeAndThrow(RethrowingThrowableCollector.java:23)
	at io.cucumber.core.runtime.CucumberExecutionContext.runTestCase(CucumberExecutionContext.java:137)
	at io.cucumber.testng.TestNGCucumberRunner.runScenario(TestNGCucumberRunner.java:129)
	at io.cucumber.testng.AbstractTestNGCucumberTests.runScenario(AbstractTestNGCucumberTests.java:35)
	at java.base/jdk.internal.reflect.DirectMethodHandleAccessor.invoke(DirectMethodHandleAccessor.java:103)
	at java.base/java.lang.reflect.Method.invoke(Method.java:580)
	at org.testng.internal.MethodInvocationHelper.invokeMethod(MethodInvocationHelper.java:133)
	at org.testng.internal.TestInvoker.invokeMethod(TestInvoker.java:598)
	at org.testng.internal.TestInvoker.invokeTestMethod(TestInvoker.java:173)
	at org.testng.internal.MethodRunner.runInSequence(MethodRunner.java:46)
	at org.testng.internal.TestInvoker$MethodInvocationAgent.invoke(TestInvoker.java:824)
	at org.testng.internal.TestInvoker.invokeTestMethods(TestInvoker.java:146)
	at org.testng.internal.TestMethodWorker.invokeTestMethods(TestMethodWorker.java:146)
	at org.testng.internal.TestMethodWorker.run(TestMethodWorker.java:128)
	at java.base/java.util.ArrayList.forEach(ArrayList.java:1596)
	at org.testng.TestRunner.privateRun(TestRunner.java:794)
	at org.testng.TestRunner.run(TestRunner.java:596)
	at org.testng.SuiteRunner.runTest(SuiteRunner.java:377)
	at org.testng.SuiteRunner.runSequentially(SuiteRunner.java:371)
	at org.testng.SuiteRunner.privateRun(SuiteRunner.java:332)
	at org.testng.SuiteRunner.run(SuiteRunner.java:276)
	at org.testng.SuiteRunnerWorker.runSuite(SuiteRunnerWorker.java:53)
	at org.testng.SuiteRunnerWorker.run(SuiteRunnerWorker.java:96)
	at org.testng.TestNG.runSuitesSequentially(TestNG.java:1212)
	at org.testng.TestNG.runSuitesLocally(TestNG.java:1134)
	at org.testng.TestNG.runSuites(TestNG.java:1063)
	at org.testng.TestNG.run(TestNG.java:1031)
	at org.testng.remote.AbstractRemoteTestNG.run(AbstractRemoteTestNG.java:115)
	at org.testng.remote.RemoteTestNG.initAndRun(RemoteTestNG.java:293)
	at org.testng.remote.RemoteTestNG.main(RemoteTestNG.java:91)
</pre></div></td>
<td>0</td>
<td>runners.TestRunner@7dcf94f8</td></tr>
<tr>
<td title='runners.TestRunner.runScenario()'><b>runScenario</b><br>Test class: runners.TestRunner<br>Test method: Runs Cucumber Scenarios<br>Parameters: "Verify the tooltip text of the Add Digital Twin button", "Models Page - Digital Twin Creation and Validation"</td>
<td><div><pre>java.lang.AssertionError: Tooltip text mismatch expected [true] but found [false]
	at stepdefinitions.ModelsPageSteps.theAddDigitalTwinButtonShouldHaveTheTooltip(ModelsPageSteps.java:56)
	at ✽.the Add Digital Twin button should have the tooltip &quot;Add digital Twin&quot;(file:///C:/Users/47700243/eclipse-workspace/alpha3/src/test/resources/features/Suite3-models.feature:41)
... Removed 3 stack frames</pre></div><a href='#' onClick='toggleBox("stack-trace291279979", this, "Click to show all stack frames", "Click to hide stack frames")'>Click to show all stack frames</a>
<div class='stack-trace' id='stack-trace291279979'><pre>java.lang.AssertionError: Tooltip text mismatch expected [true] but found [false]
	at org.testng.Assert.fail(Assert.java:99)
	at org.testng.Assert.failNotEquals(Assert.java:1037)
	at org.testng.Assert.assertTrue(Assert.java:45)
	at stepdefinitions.ModelsPageSteps.theAddDigitalTwinButtonShouldHaveTheTooltip(ModelsPageSteps.java:56)
	at ✽.the Add Digital Twin button should have the tooltip &quot;Add digital Twin&quot;(file:///C:/Users/47700243/eclipse-workspace/alpha3/src/test/resources/features/Suite3-models.feature:41)
</pre></div></td>
<td>0</td>
<td>runners.TestRunner@7dcf94f8</td></tr>
<tr>
<td title='runners.TestRunner.runScenario()'><b>runScenario</b><br>Test class: runners.TestRunner<br>Test method: Runs Cucumber Scenarios<br>Parameters: "Add a valid decision support entry", "Decision Support Page"</td>
<td><div><pre>java.lang.AssertionError: Failed to create the Design Specification. expected [true] but found [false]
	at stepdefinitions.DecisionSupportSteps.createDesignSpecification(DecisionSupportSteps.java:122)
	at ✽.I create a Design Specification with Name &quot;Automation_DS_5&quot; and Description &quot;Automation Creation&quot;(file:///C:/Users/47700243/eclipse-workspace/alpha3/src/test/resources/features/Suite4-Decisionsupport.feature:56)
... Removed 3 stack frames</pre></div><a href='#' onClick='toggleBox("stack-trace1047868041", this, "Click to show all stack frames", "Click to hide stack frames")'>Click to show all stack frames</a>
<div class='stack-trace' id='stack-trace1047868041'><pre>java.lang.AssertionError: Failed to create the Design Specification. expected [true] but found [false]
	at org.testng.Assert.fail(Assert.java:99)
	at org.testng.Assert.failNotEquals(Assert.java:1037)
	at org.testng.Assert.assertTrue(Assert.java:45)
	at stepdefinitions.DecisionSupportSteps.createDesignSpecification(DecisionSupportSteps.java:122)
	at ✽.I create a Design Specification with Name &quot;Automation_DS_5&quot; and Description &quot;Automation Creation&quot;(file:///C:/Users/47700243/eclipse-workspace/alpha3/src/test/resources/features/Suite4-Decisionsupport.feature:56)
</pre></div></td>
<td>60</td>
<td>runners.TestRunner@7dcf94f8</td></tr>
<tr>
<td title='runners.TestRunner.runScenario()'><b>runScenario</b><br>Test class: runners.TestRunner<br>Test method: Runs Cucumber Scenarios<br>Parameters: "Add a new Digital Twin with a valid name and description", "Models Page - Digital Twin Creation and Validation"</td>
<td><div><pre>java.lang.AssertionError: Digital Twin not created expected [true] but found [false]
	at stepdefinitions.ModelsPageSteps.theDigitalTwinShouldBeCreatedWithTheName(ModelsPageSteps.java:83)
	at ✽.the Digital Twin should be created with the name &quot;Automation Digital Twin-6&quot;(file:///C:/Users/47700243/eclipse-workspace/alpha3/src/test/resources/features/Suite3-models.feature:48)
... Removed 3 stack frames</pre></div><a href='#' onClick='toggleBox("stack-trace1081836597", this, "Click to show all stack frames", "Click to hide stack frames")'>Click to show all stack frames</a>
<div class='stack-trace' id='stack-trace1081836597'><pre>java.lang.AssertionError: Digital Twin not created expected [true] but found [false]
	at org.testng.Assert.fail(Assert.java:99)
	at org.testng.Assert.failNotEquals(Assert.java:1037)
	at org.testng.Assert.assertTrue(Assert.java:45)
	at stepdefinitions.ModelsPageSteps.theDigitalTwinShouldBeCreatedWithTheName(ModelsPageSteps.java:83)
	at ✽.the Digital Twin should be created with the name &quot;Automation Digital Twin-6&quot;(file:///C:/Users/47700243/eclipse-workspace/alpha3/src/test/resources/features/Suite3-models.feature:48)
</pre></div></td>
<td>0</td>
<td>runners.TestRunner@7dcf94f8</td></tr>
</table><p>
<table width='100%' border='1' class='invocation-passed'>
<tr><td colspan='4' align='center'><b>PASSED TESTS</b></td></tr>
<tr><td><b>Test method</b></td>
<td width="30%"><b>Exception</b></td>
<td width="10%"><b>Time (seconds)</b></td>
<td><b>Instance</b></td>
</tr>
<tr>
<td title='runners.TestRunner.runScenario()'><b>runScenario</b><br>Test class: runners.TestRunner<br>Test method: Runs Cucumber Scenarios<br>Parameters: "Login to YIB application", "Validate Login"</td>
<td></td>
<td>31</td>
<td>runners.TestRunner@7dcf94f8</td></tr>
<tr>
<td title='runners.TestRunner.runScenario()'><b>runScenario</b><br>Test class: runners.TestRunner<br>Test method: Runs Cucumber Scenarios<br>Parameters: "Navigate from the Models page to the Digital Twin landing page", "Models Page - Digital Twin Creation and Validation"</td>
<td></td>
<td>0</td>
<td>runners.TestRunner@7dcf94f8</td></tr>
<tr>
<td title='runners.TestRunner.runScenario()'><b>runScenario</b><br>Test class: runners.TestRunner<br>Test method: Runs Cucumber Scenarios<br>Parameters: "Workspace Grid Visibility and Size Validation", "Workspace Page Validations with Data Tables"</td>
<td></td>
<td>0</td>
<td>runners.TestRunner@7dcf94f8</td></tr>
<tr>
<td title='runners.TestRunner.runScenario()'><b>runScenario</b><br>Test class: runners.TestRunner<br>Test method: Runs Cucumber Scenarios<br>Parameters: "Validate error message for blank name field", "Decision Support Page"</td>
<td></td>
<td>0</td>
<td>runners.TestRunner@7dcf94f8</td></tr>
<tr>
<td title='runners.TestRunner.runScenario()'><b>runScenario</b><br>Test class: runners.TestRunner<br>Test method: Runs Cucumber Scenarios<br>Parameters: "Workspace Name Field Error Validations with Data Table", "Workspace Page Validations with Data Tables"</td>
<td></td>
<td>1</td>
<td>runners.TestRunner@7dcf94f8</td></tr>
<tr>
<td title='runners.TestRunner.runScenario()'><b>runScenario</b><br>Test class: runners.TestRunner<br>Test method: Runs Cucumber Scenarios<br>Parameters: "Cancel adding a new decision support entry", "Decision Support Page"</td>
<td></td>
<td>0</td>
<td>runners.TestRunner@7dcf94f8</td></tr>
<tr>
<td title='runners.TestRunner.runScenario()'><b>runScenario</b><br>Test class: runners.TestRunner<br>Test method: Runs Cucumber Scenarios<br>Parameters: "Verify if the Add Digital Twin page breadcrumb is displayed", "Models Page - Digital Twin Creation and Validation"</td>
<td></td>
<td>0</td>
<td>runners.TestRunner@7dcf94f8</td></tr>
<tr>
<td title='runners.TestRunner.runScenario()'><b>runScenario</b><br>Test class: runners.TestRunner<br>Test method: Runs Cucumber Scenarios<br>Parameters: "Cancel the creation of a new Digital Twin", "Models Page - Digital Twin Creation and Validation"</td>
<td></td>
<td>0</td>
<td>runners.TestRunner@7dcf94f8</td></tr>
<tr>
<td title='runners.TestRunner.runScenario()'><b>runScenario</b><br>Test class: runners.TestRunner<br>Test method: Runs Cucumber Scenarios<br>Parameters: "Workspace Creation with Valid Data", "Workspace Page Validations with Data Tables"</td>
<td></td>
<td>2</td>
<td>runners.TestRunner@7dcf94f8</td></tr>
<tr>
<td title='runners.TestRunner.runScenario()'><b>runScenario</b><br>Test class: runners.TestRunner<br>Test method: Runs Cucumber Scenarios<br>Parameters: "Verify the grid contains entries", "Data Integration Management"</td>
<td></td>
<td>0</td>
<td>runners.TestRunner@7dcf94f8</td></tr>
<tr>
<td title='runners.TestRunner.runScenario()'><b>runScenario</b><br>Test class: runners.TestRunner<br>Test method: Runs Cucumber Scenarios<br>Parameters: "Verify that the Digital Twin list grid contains items", "Models Page - Digital Twin Creation and Validation"</td>
<td></td>
<td>0</td>
<td>runners.TestRunner@7dcf94f8</td></tr>
<tr>
<td title='runners.TestRunner.runScenario()'><b>runScenario</b><br>Test class: runners.TestRunner<br>Test method: Runs Cucumber Scenarios<br>Parameters: "Cancel Data Integration creation", "Data Integration Management"</td>
<td></td>
<td>0</td>
<td>runners.TestRunner@7dcf94f8</td></tr>
<tr>
<td title='runners.TestRunner.runScenario()'><b>runScenario</b><br>Test class: runners.TestRunner<br>Test method: Runs Cucumber Scenarios<br>Parameters: "Add a new design specification", "Design Specification Page"</td>
<td></td>
<td>0</td>
<td>runners.TestRunner@7dcf94f8</td></tr>
<tr>
<td title='runners.TestRunner.runScenario()'><b>runScenario</b><br>Test class: runners.TestRunner<br>Test method: Runs Cucumber Scenarios<br>Parameters: "Add a new design run", "Decision Support Page"</td>
<td></td>
<td>0</td>
<td>runners.TestRunner@7dcf94f8</td></tr>
<tr>
<td title='runners.TestRunner.runScenario()'><b>runScenario</b><br>Test class: runners.TestRunner<br>Test method: Runs Cucumber Scenarios<br>Parameters: "Verify grid size is greater than zero", "Design Specification Page"</td>
<td></td>
<td>0</td>
<td>runners.TestRunner@7dcf94f8</td></tr>
<tr>
<td title='runners.TestRunner.runScenario()'><b>runScenario</b><br>Test class: runners.TestRunner<br>Test method: Runs Cucumber Scenarios<br>Parameters: "Verify that the Digital Twin list grid is displayed", "Models Page - Digital Twin Creation and Validation"</td>
<td></td>
<td>0</td>
<td>runners.TestRunner@7dcf94f8</td></tr>
<tr>
<td title='runners.TestRunner.runScenario()'><b>runScenario</b><br>Test class: runners.TestRunner<br>Test method: Runs Cucumber Scenarios<br>Parameters: "Verify the page title", "Decision Support Page"</td>
<td></td>
<td>3</td>
<td>runners.TestRunner@7dcf94f8</td></tr>
<tr>
<td title='runners.TestRunner.runScenario()'><b>runScenario</b><br>Test class: runners.TestRunner<br>Test method: Runs Cucumber Scenarios<br>Parameters: "Validate Visibility of Side Navigation Items", "Workspace Page Validations with Data Tables"</td>
<td></td>
<td>0</td>
<td>runners.TestRunner@7dcf94f8</td></tr>
<tr>
<td title='runners.TestRunner.runScenario()'><b>runScenario</b><br>Test class: runners.TestRunner<br>Test method: Runs Cucumber Scenarios<br>Parameters: "Verify grid size is greater than zero", "Decision Support Page"</td>
<td></td>
<td>0</td>
<td>runners.TestRunner@7dcf94f8</td></tr>
<tr>
<td title='runners.TestRunner.runScenario()'><b>runScenario</b><br>Test class: runners.TestRunner<br>Test method: Runs Cucumber Scenarios<br>Parameters: "Verify the grid is displayed", "Decision Support Page"</td>
<td></td>
<td>0</td>
<td>runners.TestRunner@7dcf94f8</td></tr>
<tr>
<td title='runners.TestRunner.runScenario()'><b>runScenario</b><br>Test class: runners.TestRunner<br>Test method: Runs Cucumber Scenarios<br>Parameters: "Cancel adding a new design specification entry", "Design Specification Page"</td>
<td></td>
<td>0</td>
<td>runners.TestRunner@7dcf94f8</td></tr>
<tr>
<td title='runners.TestRunner.runScenario()'><b>runScenario</b><br>Test class: runners.TestRunner<br>Test method: Runs Cucumber Scenarios<br>Parameters: "Verify error message for blank name field when adding a Digital Twin", "Models Page - Digital Twin Creation and Validation"</td>
<td></td>
<td>0</td>
<td>runners.TestRunner@7dcf94f8</td></tr>
<tr>
<td title='runners.TestRunner.runScenario()'><b>runScenario</b><br>Test class: runners.TestRunner<br>Test method: Runs Cucumber Scenarios<br>Parameters: "Validate error message for exceeding max name length", "Decision Support Page"</td>
<td></td>
<td>0</td>
<td>runners.TestRunner@7dcf94f8</td></tr>
<tr>
<td title='runners.TestRunner.runScenario()'><b>runScenario</b><br>Test class: runners.TestRunner<br>Test method: Runs Cucumber Scenarios<br>Parameters: "Verify the page title", "Design Specification Page"</td>
<td></td>
<td>4</td>
<td>runners.TestRunner@7dcf94f8</td></tr>
<tr>
<td title='runners.TestRunner.runScenario()'><b>runScenario</b><br>Test class: runners.TestRunner<br>Test method: Runs Cucumber Scenarios<br>Parameters: "Add Workspace Button Tooltip with Data Table", "Workspace Page Validations with Data Tables"</td>
<td></td>
<td>0</td>
<td>runners.TestRunner@7dcf94f8</td></tr>
<tr>
<td title='runners.TestRunner.runScenario()'><b>runScenario</b><br>Test class: runners.TestRunner<br>Test method: Runs Cucumber Scenarios<br>Parameters: "Verify if the Models Page title contains expected text", "Models Page - Digital Twin Creation and Validation"</td>
<td></td>
<td>4</td>
<td>runners.TestRunner@7dcf94f8</td></tr>
<tr>
<td title='runners.TestRunner.runScenario()'><b>runScenario</b><br>Test class: runners.TestRunner<br>Test method: Runs Cucumber Scenarios<br>Parameters: "Create a new Data Integration entry", "Data Integration Management"</td>
<td></td>
<td>1</td>
<td>runners.TestRunner@7dcf94f8</td></tr>
<tr>
<td title='runners.TestRunner.runScenario()'><b>runScenario</b><br>Test class: runners.TestRunner<br>Test method: Runs Cucumber Scenarios<br>Parameters: "Add Workspace Button Tooltip with Data Table", "Workspace Page Validations with Data Tables"</td>
<td></td>
<td>0</td>
<td>runners.TestRunner@7dcf94f8</td></tr>
<tr>
<td title='runners.TestRunner.runScenario()'><b>runScenario</b><br>Test class: runners.TestRunner<br>Test method: Runs Cucumber Scenarios<br>Parameters: "Validate error message for exceeding max name length", "Design Specification Page"</td>
<td></td>
<td>0</td>
<td>runners.TestRunner@7dcf94f8</td></tr>
<tr>
<td title='runners.TestRunner.runScenario()'><b>runScenario</b><br>Test class: runners.TestRunner<br>Test method: Runs Cucumber Scenarios<br>Parameters: "Add a valid design specification entry", "Design Specification Page"</td>
<td></td>
<td>1</td>
<td>runners.TestRunner@7dcf94f8</td></tr>
<tr>
<td title='runners.TestRunner.runScenario()'><b>runScenario</b><br>Test class: runners.TestRunner<br>Test method: Runs Cucumber Scenarios<br>Parameters: "Verify if the Add Digital Twin button is displayed", "Models Page - Digital Twin Creation and Validation"</td>
<td></td>
<td>0</td>
<td>runners.TestRunner@7dcf94f8</td></tr>
<tr>
<td title='runners.TestRunner.runScenario()'><b>runScenario</b><br>Test class: runners.TestRunner<br>Test method: Runs Cucumber Scenarios<br>Parameters: "Validate Grid Visibility and Size", "Workspace Page Validations with Data Tables"</td>
<td></td>
<td>0</td>
<td>runners.TestRunner@7dcf94f8</td></tr>
<tr>
<td title='runners.TestRunner.runScenario()'><b>runScenario</b><br>Test class: runners.TestRunner<br>Test method: Runs Cucumber Scenarios<br>Parameters: "Verify the grid is displayed", "Design Specification Page"</td>
<td></td>
<td>0</td>
<td>runners.TestRunner@7dcf94f8</td></tr>
<tr>
<td title='runners.TestRunner.runScenario()'><b>runScenario</b><br>Test class: runners.TestRunner<br>Test method: Runs Cucumber Scenarios<br>Parameters: "Validate Workspace Creation Page Title and Subtitle", "Workspace Page Validations with Data Tables"</td>
<td></td>
<td>0</td>
<td>runners.TestRunner@7dcf94f8</td></tr>
<tr>
<td title='runners.TestRunner.runScenario()'><b>runScenario</b><br>Test class: runners.TestRunner<br>Test method: Runs Cucumber Scenarios<br>Parameters: "Verify the Data Integration grid is displayed", "Data Integration Management"</td>
<td></td>
<td>0</td>
<td>runners.TestRunner@7dcf94f8</td></tr>
<tr>
<td title='runners.TestRunner.runScenario()'><b>runScenario</b><br>Test class: runners.TestRunner<br>Test method: Runs Cucumber Scenarios<br>Parameters: "Verify error message for name exceeding max length when adding a Digital Twin", "Models Page - Digital Twin Creation and Validation"</td>
<td></td>
<td>60</td>
<td>runners.TestRunner@7dcf94f8</td></tr>
<tr>
<td title='runners.TestRunner.runScenario()'><b>runScenario</b><br>Test class: runners.TestRunner<br>Test method: Runs Cucumber Scenarios<br>Parameters: "Validate error message for blank name field", "Design Specification Page"</td>
<td></td>
<td>0</td>
<td>runners.TestRunner@7dcf94f8</td></tr>
<tr>
<td title='runners.TestRunner.runScenario()'><b>runScenario</b><br>Test class: runners.TestRunner<br>Test method: Runs Cucumber Scenarios<br>Parameters: "Error when creating a Data Integration without a name", "Data Integration Management"</td>
<td></td>
<td>0</td>
<td>runners.TestRunner@7dcf94f8</td></tr>
<tr>
<td title='runners.TestRunner.runScenario()'><b>runScenario</b><br>Test class: runners.TestRunner<br>Test method: Runs Cucumber Scenarios<br>Parameters: "Verify Data Integration page title", "Data Integration Management"</td>
<td></td>
<td>5</td>
<td>runners.TestRunner@7dcf94f8</td></tr>
</table><p>
</body>
</html>